Flutter crash report.
Please report a bug at https://github.com/flutter/flutter/issues.

## command

flutter pub get --no-example

## exception

PathNotFoundException: PathNotFoundException: Cannot open file, path = '/workspaces/FH25_MAD-lab/task-3 copy/.flutter-plugins-dependencies' (OS Error: No such file or directory, errno = 2)

```
#0      _File.throwIfError (dart:io/file_impl.dart:782:7)
#1      _File.openSync (dart:io/file_impl.dart:575:5)
#2      _File.writeAsBytesSync (dart:io/file_impl.dart:747:31)
#3      _File.writeAsStringSync (dart:io/file_impl.dart:775:5)
#4      ForwardingFile.writeAsStringSync (package:file/src/forwarding/forwarding_file.dart:150:16)
#5      ErrorHandlingFile.writeAsStringSync.<anonymous closure> (package:flutter_tools/src/base/error_handling_io.dart:254:22)
#6      _runSync (package:flutter_tools/src/base/error_handling_io.dart:549:14)
#7      ErrorHandlingFile.writeAsStringSync (package:flutter_tools/src/base/error_handling_io.dart:253:5)
#8      _writeFlutterPluginsList (package:flutter_tools/src/flutter_plugins.dart:246:17)
#9      refreshPluginsList (package:flutter_tools/src/flutter_plugins.dart:1182:24)
<asynchronous suspension>
#10     FlutterProject.ensureReadyForPlatformSpecificTooling (package:flutter_tools/src/project.dart:379:5)
<asynchronous suspension>
#11     PackagesGetCommand.runCommand (package:flutter_tools/src/commands/packages.dart:383:7)
<asynchronous suspension>
#12     FlutterCommand.run.<anonymous closure> (package:flutter_tools/src/runner/flutter_command.dart:1563:27)
<asynchronous suspension>
#13     AppContext.run.<anonymous closure> (package:flutter_tools/src/base/context.dart:154:19)
<asynchronous suspension>
#14     CommandRunner.runCommand (package:args/command_runner.dart:212:13)
<asynchronous suspension>
#15     FlutterCommandRunner.runCommand.<anonymous closure> (package:flutter_tools/src/runner/flutter_command_runner.dart:494:9)
<asynchronous suspension>
#16     AppContext.run.<anonymous closure> (package:flutter_tools/src/base/context.dart:154:19)
<asynchronous suspension>
#17     FlutterCommandRunner.runCommand (package:flutter_tools/src/runner/flutter_command_runner.dart:431:5)
<asynchronous suspension>
#18     run.<anonymous closure>.<anonymous closure> (package:flutter_tools/runner.dart:98:11)
<asynchronous suspension>
#19     AppContext.run.<anonymous closure> (package:flutter_tools/src/base/context.dart:154:19)
<asynchronous suspension>
#20     main (package:flutter_tools/executable.dart:102:3)
<asynchronous suspension>
```

## flutter doctor

```
[!] Flutter (Channel stable, 3.32.8, on Ubuntu 24.04.2 LTS 6.8.0-1030-azure, locale C.UTF-8) [206ms]
    • Flutter version 3.32.8 on channel stable at /workspaces/flutter
    ! The flutter binary is not on your path. Consider adding /workspaces/flutter/bin to your path.
    ! The dart binary is not on your path. Consider adding /workspaces/flutter/bin to your path.
    • Upstream repository https://github.com/flutter/flutter.git
    • Framework revision edada7c56e (2 months ago), 2025-07-25 14:08:03 +0000
    • Engine revision ef0cd00091
    • Dart version 3.8.1
    • DevTools version 2.45.1
    • If those were intentional, you can disregard the above warnings; however it is recommended to use "git" directly to perform update checks and upgrades.

[✗] Android toolchain - develop for Android devices [147ms]
    ✗ Unable to locate Android SDK.
      Install Android Studio from: https://developer.android.com/studio/index.html
      On first launch it will assist you in installing the Android SDK components.
      (or visit https://flutter.dev/to/linux-android-setup for detailed instructions).
      If the Android SDK has been installed to a custom location, please use
      `flutter config --android-sdk` to update to that location.


[✗] Chrome - develop for the web (Cannot find Chrome executable at google-chrome) [95ms]
    ! Cannot find Chrome. Try setting CHROME_EXECUTABLE to a Chrome executable.

[✗] Linux toolchain - develop for Linux desktop [560ms]
    • Ubuntu clang version 18.1.3 (1ubuntu1)
    • cmake version 3.28.3
    ✗ ninja is required for Linux development.
      It is likely available from your distribution (e.g.: apt install ninja-build), or can be downloaded from https://github.com/ninja-build/ninja/releases
    • pkg-config version 1.8.1
    ✗ GTK 3.0 development libraries are required for Linux development.
      They are likely available from your distribution (e.g.: apt install libgtk-3-dev)
    ! Unable to access driver information using 'eglinfo'.
      It is likely available from your distribution (e.g.: apt install mesa-utils)

[!] Android Studio (not installed) [67ms]
    • Android Studio not found; download from https://developer.android.com/studio/index.html
      (or visit https://flutter.dev/to/linux-android-setup for detailed instructions).

[✓] Connected device (1 available) [157ms]
    • Linux (desktop) • linux • linux-x64 • Ubuntu 24.04.2 LTS 6.8.0-1030-azure

[✓] Network resources [1,770ms]
    • All expected network resources are available.

! Doctor found issues in 5 categories.
```
